[2022-10-05 00:47:19.7429] [INFO] Обновление токена
[2022-10-05 00:47:22.8947] [ERROR] Ошибка -------> Не найдена сессия пользователя
[2022-10-05 00:47:37.3373] [INFO] Авторизация
[2022-10-05 00:47:38.0224] [INFO] Токен получен
[2022-10-05 00:47:38.8184] [INFO] Получение настроек
[2022-10-05 00:47:38.8184] [INFO] Получение всех заказов
[2022-10-05 00:47:38.8403] [INFO] Настройки успешно получены
[2022-10-05 00:47:38.8922] [INFO] Заказы успешно получены
[2022-10-05 00:47:51.1076] [INFO] Получение всех номенклатур
[2022-10-05 00:47:51.1465] [INFO] Номенклатуры успешно получены
[2022-10-05 00:47:51.7002] [INFO] Получение всех заказов
[2022-10-05 00:47:51.7141] [INFO] Заказы успешно получены
[2022-10-05 00:47:52.1068] [INFO] Получение всех этапов
[2022-10-05 00:47:52.1188] [INFO] Все этапы успешно получены
[2022-10-05 00:47:52.5896] [INFO] Получение всех номенклатур
[2022-10-05 00:47:52.5896] [INFO] Номенклатуры успешно получены
[2022-10-05 00:47:52.8905] [INFO] Получение всех заказов
[2022-10-05 00:47:52.8905] [INFO] Заказы успешно получены
[2022-10-05 00:47:53.2191] [INFO] Получение всех номенклатур
[2022-10-05 00:47:53.2191] [INFO] Номенклатуры успешно получены
[2022-10-05 00:47:53.6094] [INFO] Получение всех этапов
[2022-10-05 00:47:53.6094] [INFO] Все этапы успешно получены
[2022-10-05 00:47:54.3117] [INFO] Получение всех номенклатур
[2022-10-05 00:47:54.3117] [INFO] Номенклатуры успешно получены
[2022-10-05 00:47:54.6261] [INFO] Получение всех заказов
[2022-10-05 00:47:54.6261] [INFO] Заказы успешно получены
[2022-10-05 00:47:54.9534] [INFO] Получение всех заказов
[2022-10-05 00:47:54.9534] [INFO] Заказы успешно получены
[2022-10-05 00:47:55.6040] [INFO] Получение всех заказов
[2022-10-05 00:47:55.6040] [INFO] Заказы успешно получены
[2022-10-05 00:47:55.9431] [INFO] Получение всех номенклатур
[2022-10-05 00:47:55.9431] [INFO] Номенклатуры успешно получены
[2022-10-05 00:47:56.3107] [INFO] Получение всех этапов
[2022-10-05 00:47:56.3107] [INFO] Все этапы успешно получены
[2022-10-05 00:47:56.6082] [INFO] Получение всех номенклатур
[2022-10-05 00:47:56.6082] [INFO] Номенклатуры успешно получены
[2022-10-05 00:47:56.9309] [INFO] Получение всех заказов
[2022-10-05 00:47:56.9309] [INFO] Заказы успешно получены
[2022-10-05 00:49:10.1576] [INFO] Получение всех заказов
[2022-10-05 00:49:10.1755] [INFO] Заказы успешно получены
[2022-10-05 00:49:23.9116] [INFO] Получение всех номенклатур
[2022-10-05 00:49:23.9276] [INFO] Номенклатуры успешно получены
[2022-10-05 00:49:27.3039] [INFO] Получение всех номенклатур
[2022-10-05 00:49:27.3058] [INFO] Номенклатуры успешно получены
[2022-10-05 00:49:28.7216] [INFO] Получение всех этапов
[2022-10-05 00:49:28.7216] [INFO] Все этапы успешно получены
[2022-10-05 00:49:33.1261] [INFO] Получение всех этапов
[2022-10-05 00:49:33.1261] [INFO] Все этапы успешно получены
[2022-10-05 00:49:48.9574] [INFO] Получение всех заказов
[2022-10-05 00:49:48.9574] [INFO] Заказы успешно получены
[2022-10-05 00:49:50.9369] [INFO] Получение всех номенклатур
[2022-10-05 00:49:50.9519] [INFO] Номенклатуры успешно получены
[2022-10-05 00:49:54.8536] [INFO] Получение всех номенклатур
[2022-10-05 00:49:54.8536] [INFO] Номенклатуры успешно получены
