[2022-10-05 00:46:49.2725] [INFO] Загрузка формы авторизации
[2022-10-05 00:46:49.4162] [INFO] Загрузка токенов
[2022-10-05 00:46:50.2998] [INFO] Токен успешно обновлен
[2022-10-05 00:46:50.2998] [INFO] Автоматическая авторизация
[2022-10-05 00:47:23.3254] [ERROR] Ошибка -------> Не найдена сессия пользователя
[2022-10-05 00:47:23.4016] [ERROR] Ошибка -------> Не найдена сессия пользователя
[2022-10-05 00:47:32.7230] [INFO] Авторизация пользователя
[2022-10-05 00:47:38.1172] [INFO] Сохранение данных
[2022-10-05 00:47:38.1172] [INFO] Данные успешно сохранены
[2022-10-05 00:47:38.2099] [INFO] Загружено главня форма
[2022-10-05 00:47:38.2099] [INFO] Получение данных
[2022-10-05 00:47:38.2218] [INFO] Загрузка заказов
[2022-10-05 00:47:38.2218] [INFO] Успешное получение данных
[2022-10-05 00:47:38.9032] [INFO] Заказыы успешно загружены
[2022-10-05 00:47:42.9725] [INFO] Открыто диалоговое окно изменения настроек
[2022-10-05 00:47:42.9875] [INFO] Открыто диалоговое окно настроек
[2022-10-05 00:49:10.9809] [INFO] Открыто диалоговое окно для добавление заказа
[2022-10-05 00:49:11.0148] [INFO] Открыто диалоговое окно заказа
[2022-10-05 00:49:11.0148] [INFO] Данные успешно получены
[2022-10-05 00:49:13.1092] [INFO] Открыто диалоговое окно для добавление заказа
[2022-10-05 00:49:13.1341] [INFO] Открыто диалоговое окно заказа
[2022-10-05 00:49:13.1341] [INFO] Данные успешно получены
[2022-10-05 00:49:24.5310] [INFO] Открыто диалоговое окно для добавление номенклатуры
[2022-10-05 00:49:24.5852] [INFO] Открыто диалоговое окно номенклатуры
[2022-10-05 00:49:27.7980] [INFO] Открыто диалоговое окно для добавление номенклатуры
[2022-10-05 00:49:27.8129] [INFO] Открыто диалоговое окно номенклатуры
[2022-10-05 00:49:28.6810] [INFO] Добавление этапа
[2022-10-05 00:49:28.7096] [INFO] Открыто диалоговое окно этапов
[2022-10-05 00:49:33.4644] [INFO] Открыто диалоговое окно для добавление этапа
[2022-10-05 00:49:33.4933] [INFO] Открыто диалоговое окно этапа
[2022-10-05 00:49:46.9785] [INFO] Открыто диалоговое окно для добавление этапа
[2022-10-05 00:49:46.9945] [INFO] Открыто диалоговое окно этапа
[2022-10-05 00:49:49.5549] [INFO] Открыто диалоговое окно для добавление заказа
[2022-10-05 00:49:49.5893] [INFO] Открыто диалоговое окно заказа
[2022-10-05 00:49:49.5893] [INFO] Данные успешно получены
[2022-10-05 00:49:50.8721] [INFO] Добвыление номенклатуры
[2022-10-05 00:49:50.9120] [INFO] Загрузка номенклатуры
[2022-10-05 00:49:50.9638] [INFO] Номенклатуры успешно загружены
[2022-10-05 00:49:55.3426] [INFO] Открыто диалоговое окно для добавление номенклатуры
[2022-10-05 00:49:55.3585] [INFO] Открыто диалоговое окно номенклатуры
[2022-10-05 00:50:10.7602] [INFO] Открыто диалоговое окно для добавление номенклатуры
[2022-10-05 00:50:39.2621] [INFO] Открыто диалоговое окно номенклатуры
[2022-10-05 00:51:33.9998] [INFO] Закрытые главной формы
